<?xml version="1.0" encoding="UTF-8"?>
<testng-results ignored="0" total="1" passed="1" failed="0" skipped="0">
  <reporter-output>
  </reporter-output>
  <suite started-at="2021-11-16T08:15:59 EST" name="Default suite" finished-at="2021-11-16T08:16:58 EST" duration-ms="59625">
    <groups>
    </groups>
    <test started-at="2021-11-16T08:15:59 EST" name="Default test" finished-at="2021-11-16T08:16:58 EST" duration-ms="59625">
      <class name="qarahulacademy.RegistrationPageTest">
        <test-method is-config="true" signature="launchApplication()[pri:0, instance:qarahulacademy.RegistrationPageTest@7ea9e1e2]" started-at="2021-11-16T08:15:55 EST" name="launchApplication" finished-at="2021-11-16T08:15:59 EST" duration-ms="3584" status="PASS">
          <reporter-output>
          </reporter-output>
        </test-method> <!-- launchApplication -->
        <test-method is-config="true" signature="clickRegistration()[pri:0, instance:qarahulacademy.RegistrationPageTest@7ea9e1e2]" started-at="2021-11-16T08:15:59 EST" name="clickRegistration" finished-at="2021-11-16T08:16:00 EST" duration-ms="1188" status="PASS">
          <reporter-output>
          </reporter-output>
        </test-method> <!-- clickRegistration -->
        <test-method signature="validateNewMaleRegistration(java.lang.String,java.lang.String,int,int,java.lang.String,java.lang.String,java.lang.String,java.lang.String)[pri:0, instance:qarahulacademy.RegistrationPageTest@7ea9e1e2]" started-at="2021-11-16T08:16:00 EST" name="validateNewMaleRegistration" data-provider="getData" finished-at="2021-11-16T08:16:58 EST" duration-ms="58391" status="PASS">
          <params>
            <param index="0">
              <value>
                <![CDATA[John]]>
              </value>
            </param>
            <param index="1">
              <value>
                <![CDATA[Abraham]]>
              </value>
            </param>
            <param index="2">
              <value>
                <![CDATA[28]]>
              </value>
            </param>
            <param index="3">
              <value>
                <![CDATA[4]]>
              </value>
            </param>
            <param index="4">
              <value>
                <![CDATA[2005]]>
              </value>
            </param>
            <param index="5">
              <value>
                <![CDATA[John.Abharam6@gmail.com]]>
              </value>
            </param>
            <param index="6">
              <value>
                <![CDATA[asdfgh]]>
              </value>
            </param>
            <param index="7">
              <value>
                <![CDATA[asdfgh]]>
              </value>
            </param>
          </params>
          <reporter-output>
          </reporter-output>
        </test-method> <!-- validateNewMaleRegistration -->
      </class> <!-- qarahulacademy.RegistrationPageTest -->
    </test> <!-- Default test -->
  </suite> <!-- Default suite -->
</testng-results>
